{"C:\\Users\\Deitrich\\OneDrive\\Documents\\GitHub\\cs341-spring-2024-data-morning\\UPRescue\\sum.js": {"path":"C:\\Users\\Deitrich\\OneDrive\\Documents\\GitHub\\cs341-spring-2024-data-morning\\UPRescue\\sum.js","statementMap":{"0":{"start":{"line":2,"column":4},"end":{"line":2,"column":23}},"1":{"start":{"line":5,"column":2},"end":{"line":5,"column":23}}},"fnMap":{"0":{"name":"sum","decl":{"start":{"line":1,"column":9},"end":{"line":1,"column":12}},"loc":{"start":{"line":1,"column":25},"end":{"line":3,"column":3}},"line":1}},"branchMap":{},"s":{"0":1,"1":1},"f":{"0":1},"b":{},"_coverageSchema":"1a1c01bbd47fc00a2c39e90264f33305004495a9","hash":"15da46186965b50547a5ca9106a8256a52942458"}
,"C:\\Users\\Deitrich\\OneDrive\\Documents\\GitHub\\cs341-spring-2024-data-morning\\UPRescue\\routes\\filter.js": {"path":"C:\\Users\\Deitrich\\OneDrive\\Documents\\GitHub\\cs341-spring-2024-data-morning\\UPRescue\\routes\\filter.js","statementMap":{"0":{"start":{"line":1,"column":14},"end":{"line":1,"column":32}},"1":{"start":{"line":2,"column":13},"end":{"line":2,"column":29}},"2":{"start":{"line":3,"column":17},"end":{"line":3,"column":39}},"3":{"start":{"line":4,"column":14},"end":{"line":4,"column":42}},"4":{"start":{"line":7,"column":9},"end":{"line":7,"column":46}},"5":{"start":{"line":10,"column":0},"end":{"line":10,"column":30}},"6":{"start":{"line":12,"column":0},"end":{"line":91,"column":3}},"7":{"start":{"line":13,"column":4},"end":{"line":13,"column":44}},"8":{"start":{"line":16,"column":4},"end":{"line":90,"column":5}},"9":{"start":{"line":18,"column":8},"end":{"line":26,"column":11}},"10":{"start":{"line":25,"column":12},"end":{"line":25,"column":39}},"11":{"start":{"line":28,"column":9},"end":{"line":90,"column":5}},"12":{"start":{"line":30,"column":8},"end":{"line":38,"column":11}},"13":{"start":{"line":37,"column":12},"end":{"line":37,"column":39}},"14":{"start":{"line":40,"column":9},"end":{"line":90,"column":5}},"15":{"start":{"line":42,"column":8},"end":{"line":50,"column":11}},"16":{"start":{"line":49,"column":12},"end":{"line":49,"column":39}},"17":{"start":{"line":52,"column":9},"end":{"line":90,"column":5}},"18":{"start":{"line":54,"column":8},"end":{"line":62,"column":11}},"19":{"start":{"line":61,"column":12},"end":{"line":61,"column":39}},"20":{"start":{"line":64,"column":9},"end":{"line":90,"column":5}},"21":{"start":{"line":66,"column":8},"end":{"line":74,"column":11}},"22":{"start":{"line":73,"column":12},"end":{"line":73,"column":39}},"23":{"start":{"line":76,"column":9},"end":{"line":90,"column":5}},"24":{"start":{"line":78,"column":8},"end":{"line":86,"column":11}},"25":{"start":{"line":85,"column":12},"end":{"line":85,"column":39}},"26":{"start":{"line":89,"column":8},"end":{"line":89,"column":66}},"27":{"start":{"line":93,"column":0},"end":{"line":93,"column":24}}},"fnMap":{"0":{"name":"(anonymous_0)","decl":{"start":{"line":12,"column":17},"end":{"line":12,"column":18}},"loc":{"start":{"line":12,"column":31},"end":{"line":91,"column":1}},"line":12},"1":{"name":"(anonymous_1)","decl":{"start":{"line":18,"column":75},"end":{"line":18,"column":76}},"loc":{"start":{"line":18,"column":90},"end":{"line":26,"column":9}},"line":18},"2":{"name":"(anonymous_2)","decl":{"start":{"line":30,"column":76},"end":{"line":30,"column":77}},"loc":{"start":{"line":30,"column":91},"end":{"line":38,"column":9}},"line":30},"3":{"name":"(anonymous_3)","decl":{"start":{"line":42,"column":81},"end":{"line":42,"column":82}},"loc":{"start":{"line":42,"column":96},"end":{"line":50,"column":9}},"line":42},"4":{"name":"(anonymous_4)","decl":{"start":{"line":54,"column":86},"end":{"line":54,"column":87}},"loc":{"start":{"line":54,"column":101},"end":{"line":62,"column":9}},"line":54},"5":{"name":"(anonymous_5)","decl":{"start":{"line":66,"column":75},"end":{"line":66,"column":76}},"loc":{"start":{"line":66,"column":90},"end":{"line":74,"column":9}},"line":66},"6":{"name":"(anonymous_6)","decl":{"start":{"line":78,"column":46},"end":{"line":78,"column":47}},"loc":{"start":{"line":78,"column":61},"end":{"line":86,"column":9}},"line":78}},"branchMap":{"0":{"loc":{"start":{"line":16,"column":4},"end":{"line":90,"column":5}},"type":"if","locations":[{"start":{"line":16,"column":4},"end":{"line":90,"column":5}},{"start":{"line":28,"column":9},"end":{"line":90,"column":5}}],"line":16},"1":{"loc":{"start":{"line":28,"column":9},"end":{"line":90,"column":5}},"type":"if","locations":[{"start":{"line":28,"column":9},"end":{"line":90,"column":5}},{"start":{"line":40,"column":9},"end":{"line":90,"column":5}}],"line":28},"2":{"loc":{"start":{"line":40,"column":9},"end":{"line":90,"column":5}},"type":"if","locations":[{"start":{"line":40,"column":9},"end":{"line":90,"column":5}},{"start":{"line":52,"column":9},"end":{"line":90,"column":5}}],"line":40},"3":{"loc":{"start":{"line":52,"column":9},"end":{"line":90,"column":5}},"type":"if","locations":[{"start":{"line":52,"column":9},"end":{"line":90,"column":5}},{"start":{"line":64,"column":9},"end":{"line":90,"column":5}}],"line":52},"4":{"loc":{"start":{"line":64,"column":9},"end":{"line":90,"column":5}},"type":"if","locations":[{"start":{"line":64,"column":9},"end":{"line":90,"column":5}},{"start":{"line":76,"column":9},"end":{"line":90,"column":5}}],"line":64},"5":{"loc":{"start":{"line":76,"column":9},"end":{"line":90,"column":5}},"type":"if","locations":[{"start":{"line":76,"column":9},"end":{"line":90,"column":5}},{"start":{"line":87,"column":11},"end":{"line":90,"column":5}}],"line":76}},"s":{"0":1,"1":1,"2":1,"3":1,"4":1,"5":1,"6":1,"7":8,"8":8,"9":1,"10":1,"11":7,"12":1,"13":1,"14":6,"15":1,"16":1,"17":5,"18":1,"19":1,"20":4,"21":1,"22":1,"23":3,"24":1,"25":1,"26":2,"27":1},"f":{"0":8,"1":1,"2":1,"3":1,"4":1,"5":1,"6":1},"b":{"0":[1,7],"1":[1,6],"2":[1,5],"3":[1,4],"4":[1,3],"5":[1,2]},"_coverageSchema":"1a1c01bbd47fc00a2c39e90264f33305004495a9","hash":"97505fe837cf19a3a4198b7e589bdfbe057b20cf"}
,"C:\\Users\\Deitrich\\OneDrive\\Documents\\GitHub\\cs341-spring-2024-data-morning\\UPRescue\\routes\\index.js": {"path":"C:\\Users\\Deitrich\\OneDrive\\Documents\\GitHub\\cs341-spring-2024-data-morning\\UPRescue\\routes\\index.js","statementMap":{"0":{"start":{"line":1,"column":14},"end":{"line":1,"column":32}},"1":{"start":{"line":2,"column":13},"end":{"line":2,"column":29}},"2":{"start":{"line":5,"column":0},"end":{"line":7,"column":3}},"3":{"start":{"line":6,"column":2},"end":{"line":6,"column":44}},"4":{"start":{"line":9,"column":0},"end":{"line":9,"column":24}}},"fnMap":{"0":{"name":"(anonymous_0)","decl":{"start":{"line":5,"column":16},"end":{"line":5,"column":17}},"loc":{"start":{"line":5,"column":41},"end":{"line":7,"column":1}},"line":5}},"branchMap":{},"s":{"0":1,"1":1,"2":1,"3":1,"4":1},"f":{"0":1},"b":{},"_coverageSchema":"1a1c01bbd47fc00a2c39e90264f33305004495a9","hash":"321c46fec7b4fee6a9092310c6a1f11c29ce135c"}
,"C:\\Users\\Deitrich\\OneDrive\\Documents\\GitHub\\cs341-spring-2024-data-morning\\UPRescue\\routes\\users.js": {"path":"C:\\Users\\Deitrich\\OneDrive\\Documents\\GitHub\\cs341-spring-2024-data-morning\\UPRescue\\routes\\users.js","statementMap":{"0":{"start":{"line":1,"column":14},"end":{"line":1,"column":32}},"1":{"start":{"line":2,"column":13},"end":{"line":2,"column":29}},"2":{"start":{"line":5,"column":0},"end":{"line":7,"column":3}},"3":{"start":{"line":6,"column":2},"end":{"line":6,"column":38}},"4":{"start":{"line":9,"column":0},"end":{"line":9,"column":24}}},"fnMap":{"0":{"name":"(anonymous_0)","decl":{"start":{"line":5,"column":16},"end":{"line":5,"column":17}},"loc":{"start":{"line":5,"column":41},"end":{"line":7,"column":1}},"line":5}},"branchMap":{},"s":{"0":1,"1":1,"2":1,"3":1,"4":1},"f":{"0":1},"b":{},"_coverageSchema":"1a1c01bbd47fc00a2c39e90264f33305004495a9","hash":"80b00a67242e1c4944d7cae3d92ce06b2b6c6b29"}
}
