TN:
SF:sum.js
FN:1,sum
FNF:1
FNH:1
FNDA:1,sum
DA:2,1
DA:5,1
LF:2
LH:2
BRF:0
BRH:0
end_of_record
TN:
SF:routes\filter.js
FN:12,(anonymous_0)
FN:18,(anonymous_1)
FN:30,(anonymous_2)
FN:42,(anonymous_3)
FN:54,(anonymous_4)
FN:66,(anonymous_5)
FN:78,(anonymous_6)
FNF:7
FNH:7
FNDA:8,(anonymous_0)
FNDA:1,(anonymous_1)
FNDA:1,(anonymous_2)
FNDA:1,(anonymous_3)
FNDA:1,(anonymous_4)
FNDA:1,(anonymous_5)
FNDA:1,(anonymous_6)
DA:1,1
DA:2,1
DA:3,1
DA:4,1
DA:7,1
DA:10,1
DA:12,1
DA:13,8
DA:16,8
DA:18,1
DA:25,1
DA:28,7
DA:30,1
DA:37,1
DA:40,6
DA:42,1
DA:49,1
DA:52,5
DA:54,1
DA:61,1
DA:64,4
DA:66,1
DA:73,1
DA:76,3
DA:78,1
DA:85,1
DA:89,2
DA:93,1
LF:28
LH:28
BRDA:16,0,0,1
BRDA:16,0,1,7
BRDA:28,1,0,1
BRDA:28,1,1,6
BRDA:40,2,0,1
BRDA:40,2,1,5
BRDA:52,3,0,1
BRDA:52,3,1,4
BRDA:64,4,0,1
BRDA:64,4,1,3
BRDA:76,5,0,1
BRDA:76,5,1,2
BRF:12
BRH:12
end_of_record
TN:
SF:routes\index.js
FN:5,(anonymous_0)
FNF:1
FNH:1
FNDA:1,(anonymous_0)
DA:1,1
DA:2,1
DA:5,1
DA:6,1
DA:9,1
LF:5
LH:5
BRF:0
BRH:0
end_of_record
TN:
SF:routes\users.js
FN:5,(anonymous_0)
FNF:1
FNH:1
FNDA:1,(anonymous_0)
DA:1,1
DA:2,1
DA:5,1
DA:6,1
DA:9,1
LF:5
LH:5
BRF:0
BRH:0
end_of_record
